<?xml version="1.0" encoding="UTF-8"?>
<!-- Generated by org.testng.reporters.JUnitReportReporter -->
<testsuite hostname="DESKTOP-DB82FI2" failures="0" tests="1" name="com.qacart.todo.testcases.LoginTest" time="6.157" errors="0" timestamp="2025-01-22T18:02:12 EET" skipped="0">
  <testcase classname="com.qacart.todo.testcases.LoginTest" name="loginTest" time="6.157"/>
</testsuite> <!-- com.qacart.todo.testcases.LoginTest -->
