<?xml version="1.0" encoding="UTF-8"?>
<!-- Generated by org.testng.reporters.JUnitReportReporter -->
<testsuite hostname="DESKTOP-DB82FI2" failures="0" tests="2" name="com.qacart.todo.testcases.TodoTest" time="22.346" errors="0" timestamp="2025-01-22T18:02:12 EET" skipped="0">
  <testcase classname="com.qacart.todo.testcases.TodoTest" name="deleteTodoTest" time="11.273"/>
  <testcase classname="com.qacart.todo.testcases.TodoTest" name="newTodoTest" time="11.073"/>
</testsuite> <!-- com.qacart.todo.testcases.TodoTest -->
